<?xml version="1.0" encoding="UTF-8"?>
<!-- Generated by org.testng.reporters.JUnitReportReporter -->
<testsuite hostname="LTIN188511" failures="0" tests="3" name="testCases.TC001" time="76.238" errors="0" timestamp="2024-02-26T15:27:16 IST" skipped="0">
  <testcase classname="testCases.TC001" name="searchForContent" time="6.096"/>
  <testcase classname="testCases.TC001" name="applyingFilters" time="6.964"/>
  <testcase classname="testCases.TC001" name="extractDetails" time="63.178"/>
</testsuite> <!-- testCases.TC001 -->
