<?xml version="1.0" encoding="UTF-8"?>
<!-- Generated by org.testng.reporters.JUnitReportReporter -->
<testsuite hostname="LTIN188511" failures="0" tests="12" name="testCases.TC002" time="11.043" errors="0" timestamp="2024-03-12T14:33:08 IST" skipped="0">
  <testcase classname="testCases.TC002" name="clickOnFreeListing" time="6.857"/>
  <testcase classname="testCases.TC002" name="clickOnFreeListing" time="3.358"/>
  <testcase classname="testCases.TC002" name="verifyWhetherOnFreeListing" time="0.026"/>
  <testcase classname="testCases.TC002" name="verifyWhetherOnFreeListing" time="0.032"/>
  <testcase classname="testCases.TC002" name="enterInvalidNum" time="0.127"/>
  <testcase classname="testCases.TC002" name="enterInvalidNum" time="0.126"/>
  <testcase classname="testCases.TC002" name="verifyWhetherNumberIsTyped" time="0.084"/>
  <testcase classname="testCases.TC002" name="verifyWhetherNumberIsTyped" time="0.048"/>
  <testcase classname="testCases.TC002" name="clickStartNow" time="0.141"/>
  <testcase classname="testCases.TC002" name="clickStartNow" time="0.132"/>
  <testcase classname="testCases.TC002" name="getErrorMsg" time="0.059"/>
  <testcase classname="testCases.TC002" name="getErrorMsg" time="0.053"/>
</testsuite> <!-- testCases.TC002 -->
