<?xml version="1.0" encoding="UTF-8"?>
<!-- Generated by org.testng.reporters.JUnitReportReporter -->
<testsuite hostname="LTIN188511" failures="0" tests="20" name="testCases.TC001" time="196.450" errors="0" timestamp="2024-03-12T14:33:08 IST" skipped="0">
  <testcase classname="testCases.TC001" name="closePopUp" time="4.836"/>
  <testcase classname="testCases.TC001" name="closePopUp" time="4.531"/>
  <testcase classname="testCases.TC001" name="verifyWhetherOnHomePage" time="0.072"/>
  <testcase classname="testCases.TC001" name="verifyWhetherOnHomePage" time="0.185"/>
  <testcase classname="testCases.TC001" name="clickLocationSearchBox" time="0.269"/>
  <testcase classname="testCases.TC001" name="clickLocationSearchBox" time="0.371"/>
  <testcase classname="testCases.TC001" name="detectCurrentLocation" time="0.405"/>
  <testcase classname="testCases.TC001" name="detectCurrentLocation" time="0.400"/>
  <testcase classname="testCases.TC001" name="searchCategory" time="0.444"/>
  <testcase classname="testCases.TC001" name="searchCategory" time="0.879"/>
  <testcase classname="testCases.TC001" name="clickSearch" time="0.280"/>
  <testcase classname="testCases.TC001" name="clickSearch" time="0.144"/>
  <testcase classname="testCases.TC001" name="sortingByRating" time="4.101"/>
  <testcase classname="testCases.TC001" name="sortingByRating" time="5.372"/>
  <testcase classname="testCases.TC001" name="filterRating" time="0.870"/>
  <testcase classname="testCases.TC001" name="filterRating" time="0.434"/>
  <testcase classname="testCases.TC001" name="clickTopRated" time="0.300"/>
  <testcase classname="testCases.TC001" name="clickTopRated" time="0.487"/>
  <testcase classname="testCases.TC001" name="extractDetails" time="83.930"/>
  <testcase classname="testCases.TC001" name="extractDetails" time="88.140"/>
</testsuite> <!-- testCases.TC001 -->
