<?xml version="1.0" encoding="UTF-8"?>
<!-- Generated by org.testng.reporters.JUnitReportReporter -->
<testsuite hostname="LTIN188511" failures="0" tests="1" name="testCases.TC004_endToEndTest" time="118.930" errors="0" timestamp="2024-02-26T15:15:09 IST" skipped="0">
  <testcase classname="testCases.TC004_endToEndTest" name="endToEndTest" time="118.930"/>
</testsuite> <!-- testCases.TC004_endToEndTest -->
