<?xml version="1.0" encoding="UTF-8"?>
<!-- Generated by org.testng.reporters.JUnitReportReporter -->
<testsuite hostname="LTIN188511" failures="0" tests="2" name="testCases.TC003" time="27.556" errors="0" timestamp="2024-02-26T15:27:16 IST" skipped="0">
  <testcase classname="testCases.TC003" name="searchGyms" time="15.310"/>
  <testcase classname="testCases.TC003" name="subMenuItems" time="12.246"/>
</testsuite> <!-- testCases.TC003 -->
