<?xml version="1.0" encoding="UTF-8"?>
<!-- Generated by org.testng.reporters.JUnitReportReporter -->
<testsuite hostname="LTIN188511" failures="0" tests="8" name="testCases.TC003" time="58.472" errors="0" timestamp="2024-03-12T14:33:08 IST" skipped="0">
  <testcase classname="testCases.TC003" name="navigateBackToHomePage" time="17.224"/>
  <testcase classname="testCases.TC003" name="navigateBackToHomePage" time="3.806"/>
  <testcase classname="testCases.TC003" name="scrollToGyms" time="3.045"/>
  <testcase classname="testCases.TC003" name="scrollToGyms" time="3.042"/>
  <testcase classname="testCases.TC003" name="clickOnGyms" time="2.100"/>
  <testcase classname="testCases.TC003" name="clickOnGyms" time="2.096"/>
  <testcase classname="testCases.TC003" name="subMenuItems" time="12.971"/>
  <testcase classname="testCases.TC003" name="subMenuItems" time="14.188"/>
</testsuite> <!-- testCases.TC003 -->
